#
# There is insufficient memory for the Java Runtime Environment to continue.
# Native memory allocation (malloc) failed to allocate 1208976 bytes. Error detail: Chunk::new
# Possible reasons:
#   The system is out of physical RAM or swap space
#   This process is running with CompressedOops enabled, and the Java Heap may be blocking the growth of the native heap
# Possible solutions:
#   Reduce memory load on the system
#   Increase physical memory or swap space
#   Check if swap backing store is full
#   Decrease Java heap size (-Xmx/-Xms)
#   Decrease number of Java threads
#   Decrease Java thread stack sizes (-Xss)
#   Set larger code cache with -XX:ReservedCodeCacheSize=
#   JVM is running with Unscaled Compressed Oops mode in which the Java heap is
#     placed in the first 4GB address space. The Java Heap base address is the
#     maximum limit for the native heap growth. Please use -XX:HeapBaseMinAddress
#     to set the Java Heap base and to place the Java Heap above 4GB virtual address.
# This output file may be truncated or incomplete.
#
#  Out of Memory Error (arena.cpp:168), pid=25644, tid=18156
#
# JRE version: OpenJDK Runtime Environment Temurin-21.0.9+10 (21.0.9+10) (build 21.0.9+10-LTS)
# Java VM: OpenJDK 64-Bit Server VM Temurin-21.0.9+10 (21.0.9+10-LTS, mixed mode, sharing, tiered, compressed oops, compressed class ptrs, g1 gc, windows-amd64)
# No core dump will be written. Minidumps are not enabled by default on client versions of Windows
#

---------------  S U M M A R Y ------------

Command Line: -javaagent:C:\Program Files\JetBrains\IntelliJ IDEA Community Edition 2025.2.3\lib\idea_rt.jar=64587 -Dfile.encoding=UTF-8 -Dsun.stdout.encoding=UTF-8 -Dsun.stderr.encoding=UTF-8 com.example.E_commerce.ECommerceApplication

Host: 12th Gen Intel(R) Core(TM) i5-1235U, 12 cores, 7G,  Windows 11 , 64 bit Build 26100 (10.0.26100.7309)
Time: Mon Dec 29 21:09:49 2025 India Standard Time elapsed time: 4190.122096 seconds (0d 1h 9m 50s)

---------------  T H R E A D  ---------------

Current thread (0x0000027a5f6c7220):  JavaThread "C2 CompilerThread0" daemon [_thread_in_native, id=18156, stack(0x000000e26d300000,0x000000e26d400000) (1024K)]


Current CompileTask:
C2:4190123 9816       4       java.util.concurrent.ScheduledThreadPoolExecutor$DelayedWorkQueue::take (5 bytes)

Stack: [0x000000e26d300000,0x000000e26d400000]
Native frames: (J=compiled Java code, j=interpreted, Vv=VM code, C=native code)
V  [jvm.dll+0x6d6e29]
V  [jvm.dll+0x8b4b76]
V  [jvm.dll+0x8b712e]
V  [jvm.dll+0x8b7813]
V  [jvm.dll+0x283d86]
V  [jvm.dll+0xc66ed]
V  [jvm.dll+0xc6c31]
V  [jvm.dll+0x3be501]
V  [jvm.dll+0x38ab92]
V  [jvm.dll+0x389fda]
V  [jvm.dll+0x24bfa0]
V  [jvm.dll+0x24b580]
V  [jvm.dll+0x1cb13e]
V  [jvm.dll+0x25b29d]
V  [jvm.dll+0x25982a]
V  [jvm.dll+0x3f7ea6]
V  [jvm.dll+0x85e9ad]
V  [jvm.dll+0x6d565d]
C  [ucrtbase.dll+0x37b0]
C  [KERNEL32.DLL+0x2e8d7]
C  [ntdll.dll+0x8c53c]


---------------  P R O C E S S  ---------------

Threads class SMR info:
_java_thread_list=0x0000027aa5b01ad0, length=29, elements={
0x0000027a5f6b7460, 0x0000027a5f6b9ad0, 0x0000027a5f6c0150, 0x0000027a5f6c07b0,
0x0000027a5f6c2220, 0x0000027a5f6c6890, 0x0000027a5f6c7220, 0x0000027a5f6c78c0,
0x0000027aa51af210, 0x0000027aa569e710, 0x0000027aa52df8d0, 0x0000027aa77cbc00,
0x0000027aa8730020, 0x0000027aa6d285a0, 0x0000027aab031b40, 0x0000027aa5822ba0,
0x0000027aa60f3730, 0x0000027aaae222b0, 0x0000027aa890f7a0, 0x0000027aa890e3f0,
0x0000027aa890ea80, 0x0000027aa890f110, 0x0000027aa890dd60, 0x0000027aa890fe30,
0x0000027aa8910b50, 0x0000027aa6281510, 0x0000027aa6281ba0, 0x0000027aa6282230,
0x0000027aa627edb0
}

Java Threads: ( => current thread )
  0x0000027a5f6b7460 JavaThread "Reference Handler"          daemon [_thread_blocked, id=9272, stack(0x000000e26cd00000,0x000000e26ce00000) (1024K)]
  0x0000027a5f6b9ad0 JavaThread "Finalizer"                  daemon [_thread_blocked, id=880, stack(0x000000e26ce00000,0x000000e26cf00000) (1024K)]
  0x0000027a5f6c0150 JavaThread "Signal Dispatcher"          daemon [_thread_blocked, id=20864, stack(0x000000e26cf00000,0x000000e26d000000) (1024K)]
  0x0000027a5f6c07b0 JavaThread "Attach Listener"            daemon [_thread_blocked, id=14604, stack(0x000000e26d000000,0x000000e26d100000) (1024K)]
  0x0000027a5f6c2220 JavaThread "Service Thread"             daemon [_thread_blocked, id=20856, stack(0x000000e26d100000,0x000000e26d200000) (1024K)]
  0x0000027a5f6c6890 JavaThread "Monitor Deflation Thread"   daemon [_thread_blocked, id=13712, stack(0x000000e26d200000,0x000000e26d300000) (1024K)]
=>0x0000027a5f6c7220 JavaThread "C2 CompilerThread0"         daemon [_thread_in_native, id=18156, stack(0x000000e26d300000,0x000000e26d400000) (1024K)]
  0x0000027a5f6c78c0 JavaThread "C1 CompilerThread0"         daemon [_thread_blocked, id=22580, stack(0x000000e26d400000,0x000000e26d500000) (1024K)]
  0x0000027aa51af210 JavaThread "Common-Cleaner"             daemon [_thread_blocked, id=19548, stack(0x000000e26d500000,0x000000e26d600000) (1024K)]
  0x0000027aa569e710 JavaThread "Monitor Ctrl-Break"         daemon [_thread_in_native, id=20320, stack(0x000000e26d700000,0x000000e26d800000) (1024K)]
  0x0000027aa52df8d0 JavaThread "Notification Thread"        daemon [_thread_blocked, id=18972, stack(0x000000e26d800000,0x000000e26d900000) (1024K)]
  0x0000027aa77cbc00 JavaThread "mysql-cj-abandoned-connection-cleanup" daemon [_thread_blocked, id=21432, stack(0x000000e26e500000,0x000000e26e600000) (1024K)]
  0x0000027aa8730020 JavaThread "HikariPool-1 housekeeper"   daemon [_thread_blocked, id=13508, stack(0x000000e26e700000,0x000000e26e800000) (1024K)]
  0x0000027aa6d285a0 JavaThread "Catalina-utility-1"                [_thread_blocked, id=13060, stack(0x000000e26e900000,0x000000e26ea00000) (1024K)]
  0x0000027aab031b40 JavaThread "Catalina-utility-2"                [_thread_blocked, id=9648, stack(0x000000e26ea00000,0x000000e26eb00000) (1024K)]
  0x0000027aa5822ba0 JavaThread "container-0"                       [_thread_blocked, id=6952, stack(0x000000e26eb00000,0x000000e26ec00000) (1024K)]
  0x0000027aa60f3730 JavaThread "http-nio-8080-exec-1"       daemon [_thread_blocked, id=1984, stack(0x000000e26ec00000,0x000000e26ed00000) (1024K)]
  0x0000027aaae222b0 JavaThread "http-nio-8080-exec-2"       daemon [_thread_blocked, id=23368, stack(0x000000e26ed00000,0x000000e26ee00000) (1024K)]
  0x0000027aa890f7a0 JavaThread "http-nio-8080-exec-3"       daemon [_thread_blocked, id=16524, stack(0x000000e26ee00000,0x000000e26ef00000) (1024K)]
  0x0000027aa890e3f0 JavaThread "http-nio-8080-exec-4"       daemon [_thread_blocked, id=26240, stack(0x000000e26ef00000,0x000000e26f000000) (1024K)]
  0x0000027aa890ea80 JavaThread "http-nio-8080-exec-5"       daemon [_thread_blocked, id=22124, stack(0x000000e26f000000,0x000000e26f100000) (1024K)]
  0x0000027aa890f110 JavaThread "http-nio-8080-exec-6"       daemon [_thread_blocked, id=22868, stack(0x000000e26f100000,0x000000e26f200000) (1024K)]
  0x0000027aa890dd60 JavaThread "http-nio-8080-exec-7"       daemon [_thread_blocked, id=12728, stack(0x000000e26f200000,0x000000e26f300000) (1024K)]
  0x0000027aa890fe30 JavaThread "http-nio-8080-exec-8"       daemon [_thread_blocked, id=28356, stack(0x000000e26f300000,0x000000e26f400000) (1024K)]
  0x0000027aa8910b50 JavaThread "http-nio-8080-exec-9"       daemon [_thread_blocked, id=14644, stack(0x000000e26f400000,0x000000e26f500000) (1024K)]
  0x0000027aa6281510 JavaThread "http-nio-8080-exec-10"      daemon [_thread_blocked, id=28560, stack(0x000000e26f500000,0x000000e26f600000) (1024K)]
  0x0000027aa6281ba0 JavaThread "http-nio-8080-Poller"       daemon [_thread_in_native, id=2776, stack(0x000000e26f600000,0x000000e26f700000) (1024K)]
  0x0000027aa6282230 JavaThread "http-nio-8080-Acceptor"     daemon [_thread_in_native, id=10976, stack(0x000000e26f700000,0x000000e26f800000) (1024K)]
  0x0000027aa627edb0 JavaThread "DestroyJavaVM"                     [_thread_blocked, id=11648, stack(0x000000e26c500000,0x000000e26c600000) (1024K)]
Total: 29

Other Threads:
  0x0000027a5f69aad0 VMThread "VM Thread"                           [id=12992, stack(0x000000e26cc00000,0x000000e26cd00000) (1024K)]
  0x0000027a5f68c160 WatcherThread "VM Periodic Task Thread"        [id=20404, stack(0x000000e26cb00000,0x000000e26cc00000) (1024K)]
  0x0000027a4300a960 WorkerThread "GC Thread#0"                     [id=1992, stack(0x000000e26c600000,0x000000e26c700000) (1024K)]
  0x0000027aa5e27e30 WorkerThread "GC Thread#1"                     [id=2228, stack(0x000000e26d900000,0x000000e26da00000) (1024K)]
  0x0000027aa5e281d0 WorkerThread "GC Thread#2"                     [id=3800, stack(0x000000e26da00000,0x000000e26db00000) (1024K)]
  0x0000027aa5d8c6e0 WorkerThread "GC Thread#3"                     [id=16644, stack(0x000000e26db00000,0x000000e26dc00000) (1024K)]
  0x0000027aa57e65d0 WorkerThread "GC Thread#4"                     [id=19908, stack(0x000000e26dc00000,0x000000e26dd00000) (1024K)]
  0x0000027aa5eb2490 WorkerThread "GC Thread#5"                     [id=15336, stack(0x000000e26dd00000,0x000000e26de00000) (1024K)]
  0x0000027aa611a170 WorkerThread "GC Thread#6"                     [id=4432, stack(0x000000e26df00000,0x000000e26e000000) (1024K)]
  0x0000027aa610cb90 WorkerThread "GC Thread#7"                     [id=17912, stack(0x000000e26e000000,0x000000e26e100000) (1024K)]
  0x0000027aa610d2d0 WorkerThread "GC Thread#8"                     [id=29084, stack(0x000000e26e100000,0x000000e26e200000) (1024K)]
  0x0000027aa610e4f0 WorkerThread "GC Thread#9"                     [id=11016, stack(0x000000e26de00000,0x000000e26df00000) (1024K)]
  0x0000027a4301b0c0 ConcurrentGCThread "G1 Main Marker"            [id=20240, stack(0x000000e26c700000,0x000000e26c800000) (1024K)]
  0x0000027a4301bbc0 WorkerThread "G1 Conc#0"                       [id=19624, stack(0x000000e26c800000,0x000000e26c900000) (1024K)]
  0x0000027aa610e150 WorkerThread "G1 Conc#1"                       [id=13472, stack(0x000000e26e300000,0x000000e26e400000) (1024K)]
  0x0000027aa610cf30 WorkerThread "G1 Conc#2"                       [id=9108, stack(0x000000e26e400000,0x000000e26e500000) (1024K)]
  0x0000027a4306e630 ConcurrentGCThread "G1 Refine#0"               [id=21168, stack(0x000000e26c900000,0x000000e26ca00000) (1024K)]
  0x0000027a4306ea60 ConcurrentGCThread "G1 Service"                [id=20620, stack(0x000000e26ca00000,0x000000e26cb00000) (1024K)]
Total: 18

Threads with active compile tasks:
C2 CompilerThread0  4190179 9816       4       java.util.concurrent.ScheduledThreadPoolExecutor$DelayedWorkQueue::take (5 bytes)
Total: 1

VM state: not at safepoint (normal execution)

VM Mutex/Monitor currently owned by a thread: None

Heap address: 0x0000000084400000, size: 1980 MB, Compressed Oops mode: 32-bit

CDS archive(s) mapped at: [0x0000027a60000000-0x0000027a60c80000-0x0000027a60c80000), size 13107200, SharedBaseAddress: 0x0000027a60000000, ArchiveRelocationMode: 1.
Compressed class space mapped at: 0x0000027a61000000-0x0000027aa1000000, reserved size: 1073741824
Narrow klass base: 0x0000027a60000000, Narrow klass shift: 0, Narrow klass range: 0x100000000

GC Precious Log:
 CardTable entry size: 512
 Card Set container configuration: InlinePtr #cards 5 size 8 Array Of Cards #cards 12 size 40 Howl #buckets 4 coarsen threshold 1843 Howl Bitmap #cards 512 size 80 coarsen threshold 460 Card regions per heap region 1 cards per card region 2048
 CPUs: 12 total, 12 available
 Memory: 7916M
 Large Page Support: Disabled
 NUMA Support: Disabled
 Compressed Oops: Enabled (32-bit)
 Heap Region Size: 1M
 Heap Min Capacity: 8M
 Heap Initial Capacity: 124M
 Heap Max Capacity: 1980M
 Pre-touch: Disabled
 Parallel Workers: 10
 Concurrent Workers: 3
 Concurrent Refinement Workers: 10
 Periodic GC: Disabled

Heap:
 garbage-first heap   total 75776K, used 34578K [0x0000000084400000, 0x0000000100000000)
  region size 1024K, 4 young (4096K), 3 survivors (3072K)
 Metaspace       used 76526K, committed 77504K, reserved 1179648K
  class space    used 10145K, committed 10560K, reserved 1048576K

Heap Regions: E=young(eden), S=young(survivor), O=old, HS=humongous(starts), HC=humongous(continues), CS=collection set, F=free, TAMS=top-at-mark-start, PB=parsable bottom
|   0|0x0000000084400000, 0x0000000084500000, 0x0000000084500000|100%|HS|  |TAMS 0x0000000084400000| PB 0x0000000084400000| Complete 
|   1|0x0000000084500000, 0x0000000084600000, 0x0000000084600000|100%| O|  |TAMS 0x0000000084500000| PB 0x0000000084500000| Untracked 
|   2|0x0000000084600000, 0x0000000084700000, 0x0000000084700000|100%| O|  |TAMS 0x0000000084600000| PB 0x0000000084600000| Untracked 
|   3|0x0000000084700000, 0x0000000084800000, 0x0000000084800000|100%| O|  |TAMS 0x0000000084700000| PB 0x0000000084700000| Untracked 
|   4|0x0000000084800000, 0x0000000084900000, 0x0000000084900000|100%| O|  |TAMS 0x0000000084800000| PB 0x0000000084800000| Untracked 
|   5|0x0000000084900000, 0x0000000084a00000, 0x0000000084a00000|100%| O|  |TAMS 0x0000000084900000| PB 0x0000000084900000| Untracked 
|   6|0x0000000084a00000, 0x0000000084b00000, 0x0000000084b00000|100%| O|  |TAMS 0x0000000084a00000| PB 0x0000000084a00000| Untracked 
|   7|0x0000000084b00000, 0x0000000084c00000, 0x0000000084c00000|100%| O|  |TAMS 0x0000000084b00000| PB 0x0000000084b00000| Untracked 
|   8|0x0000000084c00000, 0x0000000084d00000, 0x0000000084d00000|100%| O|  |TAMS 0x0000000084c00000| PB 0x0000000084c00000| Untracked 
|   9|0x0000000084d00000, 0x0000000084e00000, 0x0000000084e00000|100%| O|  |TAMS 0x0000000084d00000| PB 0x0000000084d00000| Untracked 
|  10|0x0000000084e00000, 0x0000000084f00000, 0x0000000084f00000|100%| O|  |TAMS 0x0000000084e00000| PB 0x0000000084e00000| Untracked 
|  11|0x0000000084f00000, 0x0000000085000000, 0x0000000085000000|100%| O|  |TAMS 0x0000000084f00000| PB 0x0000000084f00000| Untracked 
|  12|0x0000000085000000, 0x0000000085100000, 0x0000000085100000|100%| O|Cm|TAMS 0x0000000085000000| PB 0x0000000085000000| Complete 
|  13|0x0000000085100000, 0x0000000085200000, 0x0000000085200000|100%| O|  |TAMS 0x0000000085100000| PB 0x0000000085100000| Untracked 
|  14|0x0000000085200000, 0x0000000085300000, 0x0000000085300000|100%| O|  |TAMS 0x0000000085200000| PB 0x0000000085200000| Untracked 
|  15|0x0000000085300000, 0x0000000085400000, 0x0000000085400000|100%| O|  |TAMS 0x0000000085300000| PB 0x0000000085300000| Untracked 
|  16|0x0000000085400000, 0x0000000085500000, 0x0000000085500000|100%| O|Cm|TAMS 0x0000000085400000| PB 0x0000000085400000| Complete 
|  17|0x0000000085500000, 0x0000000085600000, 0x0000000085600000|100%| O|  |TAMS 0x0000000085500000| PB 0x0000000085500000| Untracked 
|  18|0x0000000085600000, 0x0000000085700000, 0x0000000085700000|100%| O|  |TAMS 0x0000000085600000| PB 0x0000000085600000| Untracked 
|  19|0x0000000085700000, 0x0000000085800000, 0x0000000085800000|100%| O|  |TAMS 0x0000000085700000| PB 0x0000000085700000| Untracked 
|  20|0x0000000085800000, 0x0000000085900000, 0x0000000085900000|100%| O|  |TAMS 0x0000000085800000| PB 0x0000000085800000| Untracked 
|  21|0x0000000085900000, 0x0000000085a00000, 0x0000000085a00000|100%| O|  |TAMS 0x0000000085900000| PB 0x0000000085900000| Untracked 
|  22|0x0000000085a00000, 0x0000000085b00000, 0x0000000085b00000|100%| O|  |TAMS 0x0000000085a00000| PB 0x0000000085a00000| Untracked 
|  23|0x0000000085b00000, 0x0000000085c00000, 0x0000000085c00000|100%| O|  |TAMS 0x0000000085b00000| PB 0x0000000085b00000| Untracked 
|  24|0x0000000085c00000, 0x0000000085d00000, 0x0000000085d00000|100%| O|Cm|TAMS 0x0000000085c00000| PB 0x0000000085c00000| Complete 
|  25|0x0000000085d00000, 0x0000000085e00000, 0x0000000085e00000|100%| O|Cm|TAMS 0x0000000085d00000| PB 0x0000000085d00000| Complete 
|  26|0x0000000085e00000, 0x0000000085f00000, 0x0000000085f00000|100%| O|  |TAMS 0x0000000085e00000| PB 0x0000000085e00000| Untracked 
|  27|0x0000000085f00000, 0x0000000086000000, 0x0000000086000000|100%| O|  |TAMS 0x0000000085f00000| PB 0x0000000085f00000| Untracked 
|  28|0x0000000086000000, 0x0000000086000000, 0x0000000086100000|  0%| F|  |TAMS 0x0000000086000000| PB 0x0000000086000000| Untracked 
|  29|0x0000000086100000, 0x000000008613fee0, 0x0000000086200000| 24%| O|  |TAMS 0x0000000086100000| PB 0x0000000086100000| Untracked 
|  30|0x0000000086200000, 0x0000000086300000, 0x0000000086300000|100%| O|  |TAMS 0x0000000086200000| PB 0x0000000086200000| Untracked 
|  31|0x0000000086300000, 0x0000000086400000, 0x0000000086400000|100%| O|Cm|TAMS 0x0000000086300000| PB 0x0000000086300000| Complete 
|  32|0x0000000086400000, 0x0000000086400000, 0x0000000086500000|  0%| F|  |TAMS 0x0000000086400000| PB 0x0000000086400000| Untracked 
|  33|0x0000000086500000, 0x0000000086500000, 0x0000000086600000|  0%| F|  |TAMS 0x0000000086500000| PB 0x0000000086500000| Untracked 
|  34|0x0000000086600000, 0x0000000086600000, 0x0000000086700000|  0%| F|  |TAMS 0x0000000086600000| PB 0x0000000086600000| Untracked 
|  35|0x0000000086700000, 0x0000000086700000, 0x0000000086800000|  0%| F|  |TAMS 0x0000000086700000| PB 0x0000000086700000| Untracked 
|  36|0x0000000086800000, 0x0000000086800000, 0x0000000086900000|  0%| F|  |TAMS 0x0000000086800000| PB 0x0000000086800000| Untracked 
|  37|0x0000000086900000, 0x0000000086900000, 0x0000000086a00000|  0%| F|  |TAMS 0x0000000086900000| PB 0x0000000086900000| Untracked 
|  38|0x0000000086a00000, 0x0000000086a84950, 0x0000000086b00000| 51%| S|CS|TAMS 0x0000000086a00000| PB 0x0000000086a00000| Complete 
|  39|0x0000000086b00000, 0x0000000086c00000, 0x0000000086c00000|100%| S|CS|TAMS 0x0000000086b00000| PB 0x0000000086b00000| Complete 
|  40|0x0000000086c00000, 0x0000000086d00000, 0x0000000086d00000|100%| S|CS|TAMS 0x0000000086c00000| PB 0x0000000086c00000| Complete 
|  41|0x0000000086d00000, 0x0000000086d00000, 0x0000000086e00000|  0%| F|  |TAMS 0x0000000086d00000| PB 0x0000000086d00000| Untracked 
|  42|0x0000000086e00000, 0x0000000086e00000, 0x0000000086f00000|  0%| F|  |TAMS 0x0000000086e00000| PB 0x0000000086e00000| Untracked 
|  43|0x0000000086f00000, 0x0000000086f00000, 0x0000000087000000|  0%| F|  |TAMS 0x0000000086f00000| PB 0x0000000086f00000| Untracked 
|  44|0x0000000087000000, 0x0000000087000000, 0x0000000087100000|  0%| F|  |TAMS 0x0000000087000000| PB 0x0000000087000000| Untracked 
|  45|0x0000000087100000, 0x0000000087100000, 0x0000000087200000|  0%| F|  |TAMS 0x0000000087100000| PB 0x0000000087100000| Untracked 
|  46|0x0000000087200000, 0x0000000087200000, 0x0000000087300000|  0%| F|  |TAMS 0x0000000087200000| PB 0x0000000087200000| Untracked 
|  47|0x0000000087300000, 0x0000000087300000, 0x0000000087400000|  0%| F|  |TAMS 0x0000000087300000| PB 0x0000000087300000| Untracked 
|  48|0x0000000087400000, 0x0000000087400000, 0x0000000087500000|  0%| F|  |TAMS 0x0000000087400000| PB 0x0000000087400000| Untracked 
|  49|0x0000000087500000, 0x0000000087500000, 0x0000000087600000|  0%| F|  |TAMS 0x0000000087500000| PB 0x0000000087500000| Untracked 
|  50|0x0000000087600000, 0x0000000087600000, 0x0000000087700000|  0%| F|  |TAMS 0x0000000087600000| PB 0x0000000087600000| Untracked 
|  51|0x0000000087700000, 0x0000000087700000, 0x0000000087800000|  0%| F|  |TAMS 0x0000000087700000| PB 0x0000000087700000| Untracked 
|  52|0x0000000087800000, 0x0000000087800000, 0x0000000087900000|  0%| F|  |TAMS 0x0000000087800000| PB 0x0000000087800000| Untracked 
|  53|0x0000000087900000, 0x0000000087900000, 0x0000000087a00000|  0%| F|  |TAMS 0x0000000087900000| PB 0x0000000087900000| Untracked 
|  54|0x0000000087a00000, 0x0000000087a00000, 0x0000000087b00000|  0%| F|  |TAMS 0x0000000087a00000| PB 0x0000000087a00000| Untracked 
|  55|0x0000000087b00000, 0x0000000087b00000, 0x0000000087c00000|  0%| F|  |TAMS 0x0000000087b00000| PB 0x0000000087b00000| Untracked 
|  56|0x0000000087c00000, 0x0000000087c00000, 0x0000000087d00000|  0%| F|  |TAMS 0x0000000087c00000| PB 0x0000000087c00000| Untracked 
|  57|0x0000000087d00000, 0x0000000087d00000, 0x0000000087e00000|  0%| F|  |TAMS 0x0000000087d00000| PB 0x0000000087d00000| Untracked 
|  58|0x0000000087e00000, 0x0000000087e00000, 0x0000000087f00000|  0%| F|  |TAMS 0x0000000087e00000| PB 0x0000000087e00000| Untracked 
|  59|0x0000000087f00000, 0x0000000087f00000, 0x0000000088000000|  0%| F|  |TAMS 0x0000000087f00000| PB 0x0000000087f00000| Untracked 
|  60|0x0000000088000000, 0x0000000088000000, 0x0000000088100000|  0%| F|  |TAMS 0x0000000088000000| PB 0x0000000088000000| Untracked 
|  61|0x0000000088100000, 0x0000000088100000, 0x0000000088200000|  0%| F|  |TAMS 0x0000000088100000| PB 0x0000000088100000| Untracked 
|  62|0x0000000088200000, 0x0000000088200000, 0x0000000088300000|  0%| F|  |TAMS 0x0000000088200000| PB 0x0000000088200000| Untracked 
|  63|0x0000000088300000, 0x0000000088300000, 0x0000000088400000|  0%| F|  |TAMS 0x0000000088300000| PB 0x0000000088300000| Untracked 
|  64|0x0000000088400000, 0x0000000088400000, 0x0000000088500000|  0%| F|  |TAMS 0x0000000088400000| PB 0x0000000088400000| Untracked 
|  78|0x0000000089200000, 0x0000000089200000, 0x0000000089300000|  0%| F|  |TAMS 0x0000000089200000| PB 0x0000000089200000| Untracked 
|  79|0x0000000089300000, 0x0000000089300000, 0x0000000089400000|  0%| F|  |TAMS 0x0000000089300000| PB 0x0000000089300000| Untracked 
|  80|0x0000000089400000, 0x0000000089400000, 0x0000000089500000|  0%| F|  |TAMS 0x0000000089400000| PB 0x0000000089400000| Untracked 
|  81|0x0000000089500000, 0x0000000089500000, 0x0000000089600000|  0%| F|  |TAMS 0x0000000089500000| PB 0x0000000089500000| Untracked 
|  82|0x0000000089600000, 0x0000000089600000, 0x0000000089700000|  0%| F|  |TAMS 0x0000000089600000| PB 0x0000000089600000| Untracked 
|  83|0x0000000089700000, 0x0000000089700000, 0x0000000089800000|  0%| F|  |TAMS 0x0000000089700000| PB 0x0000000089700000| Untracked 
|  84|0x0000000089800000, 0x0000000089800000, 0x0000000089900000|  0%| F|  |TAMS 0x0000000089800000| PB 0x0000000089800000| Untracked 
| 123|0x000000008bf00000, 0x000000008bf992d8, 0x000000008c000000| 59%| E|  |TAMS 0x000000008bf00000| PB 0x000000008bf00000| Complete 
|1979|0x00000000fff00000, 0x0000000100000000, 0x0000000100000000|100%| O|  |TAMS 0x00000000fff00000| PB 0x00000000fff00000| Untracked 

Card table byte_map: [0x0000027a5aff0000,0x0000027a5b3d0000] _byte_map_base: 0x0000027a5abce000

Marking Bits: (CMBitMap*) 0x0000027a4300b060
 Bits: [0x0000027a5b3d0000, 0x0000027a5d2c0000)

Polling page: 0x0000027a40bf0000

Metaspace:

Usage:
  Non-class:     64.82 MB used.
      Class:      9.91 MB used.
       Both:     74.73 MB used.

Virtual space:
  Non-class space:      128.00 MB reserved,      65.38 MB ( 51%) committed,  2 nodes.
      Class space:        1.00 GB reserved,      10.31 MB (  1%) committed,  1 nodes.
             Both:        1.12 GB reserved,      75.69 MB (  7%) committed. 

Chunk freelists:
   Non-Class:  14.13 MB
       Class:  5.67 MB
        Both:  19.80 MB

MaxMetaspaceSize: unlimited
CompressedClassSpaceSize: 1.00 GB
Initial GC threshold: 21.00 MB
Current GC threshold: 126.19 MB
CDS: on
 - commit_granule_bytes: 65536.
 - commit_granule_words: 8192.
 - virtual_space_node_default_size: 8388608.
 - enlarge_chunks_in_place: 1.
 - use_allocation_guard: 0.


Internal statistics:

num_allocs_failed_limit: 9.
num_arena_births: 1022.
num_arena_deaths: 342.
num_vsnodes_births: 3.
num_vsnodes_deaths: 0.
num_space_committed: 1211.
num_space_uncommitted: 0.
num_chunks_returned_to_freelist: 403.
num_chunks_taken_from_freelist: 3749.
num_chunk_merges: 107.
num_chunk_splits: 2693.
num_chunks_enlarged: 2068.
num_inconsistent_stats: 0.

CodeHeap 'non-profiled nmethods': size=120000Kb used=5357Kb max_used=5631Kb free=114642Kb
 bounds [0x0000027a53190000, 0x0000027a53710000, 0x0000027a5a6c0000]
CodeHeap 'profiled nmethods': size=120000Kb used=16165Kb max_used=16916Kb free=103834Kb
 bounds [0x0000027a4b6c0000, 0x0000027a4c750000, 0x0000027a52bf0000]
CodeHeap 'non-nmethods': size=5760Kb used=1605Kb max_used=1656Kb free=4154Kb
 bounds [0x0000027a52bf0000, 0x0000027a52e60000, 0x0000027a53190000]
CodeCache: size=245760Kb, used=23127Kb, max_used=24203Kb, free=222630Kb
 total_blobs=9205, nmethods=8463, adapters=645, full_count=0
Compilation: enabled, stopped_count=0, restarted_count=0

Compilation events (20 events):
Event: 4114.981 Thread 0x0000027a5f6c7220 nmethod 9806 0x0000027a534c4c90 code [0x0000027a534c4e20, 0x0000027a534c4fe8]
Event: 4133.904 Thread 0x0000027a5f6c7220 9807       4       java.util.concurrent.ThreadPoolExecutor$Worker::lock (6 bytes)
Event: 4133.954 Thread 0x0000027a5f6c7220 nmethod 9807 0x0000027a53220090 code [0x0000027a53220220, 0x0000027a532203b0]
Event: 4136.233 Thread 0x0000027a5f6c7220 9808   !   4       java.util.concurrent.ThreadPoolExecutor::getTask (177 bytes)
Event: 4137.086 Thread 0x0000027a5f6c7220 nmethod 9808 0x0000027a53521510 code [0x0000027a53521b40, 0x0000027a53526228]
Event: 4167.880 Thread 0x0000027a5f6c7220 9809       4       java.util.concurrent.ScheduledThreadPoolExecutor$DelayedWorkQueue::siftUp (64 bytes)
Event: 4167.894 Thread 0x0000027a5f6c7220 nmethod 9809 0x0000027a533cd990 code [0x0000027a533cdb60, 0x0000027a533ce118]
Event: 4169.893 Thread 0x0000027a5f6c7220 9810       4       java.util.concurrent.ScheduledThreadPoolExecutor$DelayedWorkQueue::add (9 bytes)
Event: 4169.938 Thread 0x0000027a5f6c7220 nmethod 9810 0x0000027a5323e910 code [0x0000027a5323eba0, 0x0000027a5323ffb0]
Event: 4173.164 Thread 0x0000027a5f6c7220 9811       4       java.util.concurrent.ScheduledThreadPoolExecutor$DelayedWorkQueue::add (6 bytes)
Event: 4173.237 Thread 0x0000027a5f6c7220 nmethod 9811 0x0000027a534f9e90 code [0x0000027a534fa120, 0x0000027a534fb610]
Event: 4175.718 Thread 0x0000027a5f6c7220 9812       4       java.lang.ref.ReferenceQueue::poll0 (65 bytes)
Event: 4175.735 Thread 0x0000027a5f6c7220 nmethod 9812 0x0000027a532f9910 code [0x0000027a532f9aa0, 0x0000027a532f9dc0]
Event: 4183.323 Thread 0x0000027a5f6c7220 9813       4       java.util.concurrent.ScheduledThreadPoolExecutor$DelayedWorkQueue::finishPoll (43 bytes)
Event: 4183.343 Thread 0x0000027a5f6c7220 nmethod 9813 0x0000027a53355a10 code [0x0000027a53355c20, 0x0000027a53356698]
Event: 4183.343 Thread 0x0000027a5f6c7220 9814       4       java.util.concurrent.ScheduledThreadPoolExecutor$ScheduledFutureTask::run (57 bytes)
Event: 4183.398 Thread 0x0000027a5f6c7220 nmethod 9814 0x0000027a532e9710 code [0x0000027a532e9960, 0x0000027a532ea040]
Event: 4187.881 Thread 0x0000027a5f6c7220 9815       4       java.util.concurrent.ScheduledThreadPoolExecutor$DelayedWorkQueue::siftDown (119 bytes)
Event: 4187.897 Thread 0x0000027a5f6c7220 nmethod 9815 0x0000027a5337e110 code [0x0000027a5337e320, 0x0000027a5337ec88]
Event: 4188.945 Thread 0x0000027a5f6c7220 9816       4       java.util.concurrent.ScheduledThreadPoolExecutor$DelayedWorkQueue::take (5 bytes)

GC Heap History (20 events):
Event: 4.215 GC heap before
{Heap before GC invocations=7 (full 0):
 garbage-first heap   total 61440K, used 24576K [0x0000000084400000, 0x0000000100000000)
  region size 1024K, 7 young (7168K), 2 survivors (2048K)
 Metaspace       used 35454K, committed 35968K, reserved 1114112K
  class space    used 4664K, committed 4928K, reserved 1048576K
}
Event: 4.219 GC heap after
{Heap after GC invocations=8 (full 0):
 garbage-first heap   total 61440K, used 20327K [0x0000000084400000, 0x0000000100000000)
  region size 1024K, 2 young (2048K), 2 survivors (2048K)
 Metaspace       used 35454K, committed 35968K, reserved 1114112K
  class space    used 4664K, committed 4928K, reserved 1048576K
}
Event: 5.492 GC heap before
{Heap before GC invocations=9 (full 0):
 garbage-first heap   total 61440K, used 52071K [0x0000000084400000, 0x0000000100000000)
  region size 1024K, 33 young (33792K), 2 survivors (2048K)
 Metaspace       used 47311K, committed 47872K, reserved 1114112K
  class space    used 6201K, committed 6464K, reserved 1048576K
}
Event: 5.500 GC heap after
{Heap after GC invocations=10 (full 0):
 garbage-first heap   total 61440K, used 23496K [0x0000000084400000, 0x0000000100000000)
  region size 1024K, 5 young (5120K), 5 survivors (5120K)
 Metaspace       used 47311K, committed 47872K, reserved 1114112K
  class space    used 6201K, committed 6464K, reserved 1048576K
}
Event: 6.057 GC heap before
{Heap before GC invocations=10 (full 0):
 garbage-first heap   total 61440K, used 51144K [0x0000000084400000, 0x0000000100000000)
  region size 1024K, 33 young (33792K), 5 survivors (5120K)
 Metaspace       used 55349K, committed 55872K, reserved 1114112K
  class space    used 7405K, committed 7616K, reserved 1048576K
}
Event: 6.066 GC heap after
{Heap after GC invocations=11 (full 0):
 garbage-first heap   total 61440K, used 25023K [0x0000000084400000, 0x0000000100000000)
  region size 1024K, 2 young (2048K), 2 survivors (2048K)
 Metaspace       used 55349K, committed 55872K, reserved 1114112K
  class space    used 7405K, committed 7616K, reserved 1048576K
}
Event: 6.416 GC heap before
{Heap before GC invocations=11 (full 0):
 garbage-first heap   total 61440K, used 41407K [0x0000000084400000, 0x0000000100000000)
  region size 1024K, 19 young (19456K), 2 survivors (2048K)
 Metaspace       used 59544K, committed 60096K, reserved 1114112K
  class space    used 8057K, committed 8320K, reserved 1048576K
}
Event: 6.421 GC heap after
{Heap after GC invocations=12 (full 0):
 garbage-first heap   total 61440K, used 25660K [0x0000000084400000, 0x0000000100000000)
  region size 1024K, 3 young (3072K), 3 survivors (3072K)
 Metaspace       used 59544K, committed 60096K, reserved 1114112K
  class space    used 8057K, committed 8320K, reserved 1048576K
}
Event: 7.123 GC heap before
{Heap before GC invocations=13 (full 0):
 garbage-first heap   total 61440K, used 52284K [0x0000000084400000, 0x0000000100000000)
  region size 1024K, 30 young (30720K), 3 survivors (3072K)
 Metaspace       used 64341K, committed 64960K, reserved 1114112K
  class space    used 8728K, committed 9024K, reserved 1048576K
}
Event: 7.128 GC heap after
{Heap after GC invocations=14 (full 0):
 garbage-first heap   total 61440K, used 28387K [0x0000000084400000, 0x0000000100000000)
  region size 1024K, 4 young (4096K), 4 survivors (4096K)
 Metaspace       used 64341K, committed 64960K, reserved 1114112K
  class space    used 8728K, committed 9024K, reserved 1048576K
}
Event: 7.812 GC heap before
{Heap before GC invocations=14 (full 0):
 garbage-first heap   total 61440K, used 51939K [0x0000000084400000, 0x0000000100000000)
  region size 1024K, 28 young (28672K), 4 survivors (4096K)
 Metaspace       used 67541K, committed 68224K, reserved 1114112K
  class space    used 9195K, committed 9472K, reserved 1048576K
}
Event: 7.820 GC heap after
{Heap after GC invocations=15 (full 0):
 garbage-first heap   total 62464K, used 31082K [0x0000000084400000, 0x0000000100000000)
  region size 1024K, 4 young (4096K), 4 survivors (4096K)
 Metaspace       used 67541K, committed 68224K, reserved 1114112K
  class space    used 9195K, committed 9472K, reserved 1048576K
}
Event: 26.778 GC heap before
{Heap before GC invocations=15 (full 0):
 garbage-first heap   total 62464K, used 52586K [0x0000000084400000, 0x0000000100000000)
  region size 1024K, 26 young (26624K), 4 survivors (4096K)
 Metaspace       used 73144K, committed 73792K, reserved 1114112K
  class space    used 9977K, committed 10240K, reserved 1048576K
}
Event: 26.789 GC heap after
{Heap after GC invocations=16 (full 0):
 garbage-first heap   total 75776K, used 32751K [0x0000000084400000, 0x0000000100000000)
  region size 1024K, 2 young (2048K), 2 survivors (2048K)
 Metaspace       used 73144K, committed 73792K, reserved 1114112K
  class space    used 9977K, committed 10240K, reserved 1048576K
}
Event: 1551.814 GC heap before
{Heap before GC invocations=17 (full 0):
 garbage-first heap   total 75776K, used 64495K [0x0000000084400000, 0x0000000100000000)
  region size 1024K, 34 young (34816K), 2 survivors (2048K)
 Metaspace       used 75635K, committed 76416K, reserved 1179648K
  class space    used 10219K, committed 10560K, reserved 1048576K
}
Event: 1551.969 GC heap after
{Heap after GC invocations=18 (full 0):
 garbage-first heap   total 75776K, used 33801K [0x0000000084400000, 0x0000000100000000)
  region size 1024K, 3 young (3072K), 3 survivors (3072K)
 Metaspace       used 75635K, committed 76416K, reserved 1179648K
  class space    used 10219K, committed 10560K, reserved 1048576K
}
Event: 2016.567 GC heap before
{Heap before GC invocations=18 (full 0):
 garbage-first heap   total 75776K, used 66569K [0x0000000084400000, 0x0000000100000000)
  region size 1024K, 35 young (35840K), 3 survivors (3072K)
 Metaspace       used 76307K, committed 77056K, reserved 1179648K
  class space    used 10226K, committed 10560K, reserved 1048576K
}
Event: 2016.716 GC heap after
{Heap after GC invocations=19 (full 0):
 garbage-first heap   total 75776K, used 34248K [0x0000000084400000, 0x0000000100000000)
  region size 1024K, 3 young (3072K), 3 survivors (3072K)
 Metaspace       used 76307K, committed 77056K, reserved 1179648K
  class space    used 10226K, committed 10560K, reserved 1048576K
}
Event: 3593.932 GC heap before
{Heap before GC invocations=19 (full 0):
 garbage-first heap   total 75776K, used 65992K [0x0000000084400000, 0x0000000100000000)
  region size 1024K, 35 young (35840K), 3 survivors (3072K)
 Metaspace       used 76826K, committed 77504K, reserved 1179648K
  class space    used 10232K, committed 10560K, reserved 1048576K
}
Event: 3594.024 GC heap after
{Heap after GC invocations=20 (full 0):
 garbage-first heap   total 75776K, used 34578K [0x0000000084400000, 0x0000000100000000)
  region size 1024K, 3 young (3072K), 3 survivors (3072K)
 Metaspace       used 76826K, committed 77504K, reserved 1179648K
  class space    used 10232K, committed 10560K, reserved 1048576K
}

Dll operation events (13 events):
Event: 0.014 Loaded shared library C:\Users\singh\.jdks\temurin-21.0.9\bin\java.dll
Event: 0.057 Loaded shared library C:\Users\singh\.jdks\temurin-21.0.9\bin\jsvml.dll
Event: 0.144 Loaded shared library C:\Users\singh\.jdks\temurin-21.0.9\bin\zip.dll
Event: 0.151 Loaded shared library C:\Users\singh\.jdks\temurin-21.0.9\bin\instrument.dll
Event: 0.157 Loaded shared library C:\Users\singh\.jdks\temurin-21.0.9\bin\net.dll
Event: 0.159 Loaded shared library C:\Users\singh\.jdks\temurin-21.0.9\bin\nio.dll
Event: 0.162 Loaded shared library C:\Users\singh\.jdks\temurin-21.0.9\bin\zip.dll
Event: 0.251 Loaded shared library C:\Users\singh\.jdks\temurin-21.0.9\bin\extnet.dll
Event: 0.290 Loaded shared library C:\Users\singh\.jdks\temurin-21.0.9\bin\jimage.dll
Event: 1.885 Loaded shared library C:\Users\singh\.jdks\temurin-21.0.9\bin\sunmscapi.dll
Event: 3.536 Loaded shared library C:\Users\singh\.jdks\temurin-21.0.9\bin\management.dll
Event: 3.538 Loaded shared library C:\Users\singh\.jdks\temurin-21.0.9\bin\management_ext.dll
Event: 4.253 Loaded shared library C:\Users\singh\.jdks\temurin-21.0.9\bin\verify.dll

Deoptimization events (20 events):
Event: 4170.881 Thread 0x0000027aa6d285a0 Uncommon trap: trap_request=0xffffffd6 fr.pc=0x0000027a5323f958 relative=0x0000000000000db8
Event: 4170.881 Thread 0x0000027aa6d285a0 Uncommon trap: reason=array_check action=maybe_recompile pc=0x0000027a5323f958 method=java.util.concurrent.ScheduledThreadPoolExecutor$DelayedWorkQueue.siftUp(ILjava/util/concurrent/RunnableScheduledFuture;)V @ 57 c2
Event: 4170.881 Thread 0x0000027aa6d285a0 DEOPT PACKING pc=0x0000027a5323f958 sp=0x000000e26e9ff500
Event: 4170.882 Thread 0x0000027aa6d285a0 DEOPT UNPACKING pc=0x0000027a52c44422 sp=0x000000e26e9ff370 mode 2
Event: 4171.884 Thread 0x0000027aa6d285a0 Uncommon trap: trap_request=0xffffffd6 fr.pc=0x0000027a5323f958 relative=0x0000000000000db8
Event: 4171.884 Thread 0x0000027aa6d285a0 Uncommon trap: reason=array_check action=maybe_recompile pc=0x0000027a5323f958 method=java.util.concurrent.ScheduledThreadPoolExecutor$DelayedWorkQueue.siftUp(ILjava/util/concurrent/RunnableScheduledFuture;)V @ 57 c2
Event: 4171.884 Thread 0x0000027aa6d285a0 DEOPT PACKING pc=0x0000027a5323f958 sp=0x000000e26e9ff500
Event: 4171.885 Thread 0x0000027aa6d285a0 DEOPT UNPACKING pc=0x0000027a52c44422 sp=0x000000e26e9ff370 mode 2
Event: 4173.165 Thread 0x0000027aa6d285a0 Uncommon trap: trap_request=0xffffffd6 fr.pc=0x0000027a533cdfd4 relative=0x0000000000000474
Event: 4173.166 Thread 0x0000027aa6d285a0 Uncommon trap: reason=array_check action=maybe_recompile pc=0x0000027a533cdfd4 method=java.util.concurrent.ScheduledThreadPoolExecutor$DelayedWorkQueue.siftUp(ILjava/util/concurrent/RunnableScheduledFuture;)V @ 39 c2
Event: 4173.166 Thread 0x0000027aa6d285a0 DEOPT PACKING pc=0x0000027a533cdfd4 sp=0x000000e26e9ff390
Event: 4173.166 Thread 0x0000027aa6d285a0 DEOPT UNPACKING pc=0x0000027a52c44422 sp=0x000000e26e9ff348 mode 2
Event: 4183.883 Thread 0x0000027aab031b40 Uncommon trap: trap_request=0xffffffd6 fr.pc=0x0000027a53356204 relative=0x00000000000005e4
Event: 4183.883 Thread 0x0000027aab031b40 Uncommon trap: reason=array_check action=maybe_recompile pc=0x0000027a53356204 method=java.util.concurrent.ScheduledThreadPoolExecutor$DelayedWorkQueue.siftDown(ILjava/util/concurrent/RunnableScheduledFuture;)V @ 112 c2
Event: 4183.883 Thread 0x0000027aab031b40 DEOPT PACKING pc=0x0000027a53356204 sp=0x000000e26eaff310
Event: 4183.883 Thread 0x0000027aab031b40 DEOPT UNPACKING pc=0x0000027a52c44422 sp=0x000000e26eaff240 mode 2
Event: 4184.883 Thread 0x0000027aa6d285a0 Uncommon trap: trap_request=0xffffffd6 fr.pc=0x0000027a53356204 relative=0x00000000000005e4
Event: 4184.883 Thread 0x0000027aa6d285a0 Uncommon trap: reason=array_check action=maybe_recompile pc=0x0000027a53356204 method=java.util.concurrent.ScheduledThreadPoolExecutor$DelayedWorkQueue.siftDown(ILjava/util/concurrent/RunnableScheduledFuture;)V @ 112 c2
Event: 4184.883 Thread 0x0000027aa6d285a0 DEOPT PACKING pc=0x0000027a53356204 sp=0x000000e26e9ff3f0
Event: 4184.883 Thread 0x0000027aa6d285a0 DEOPT UNPACKING pc=0x0000027a52c44422 sp=0x000000e26e9ff320 mode 2

Classes loaded (20 events):
Event: 61.229 Loading class java/util/stream/IntPipeline$StatelessOp done
Event: 61.229 Loading class java/util/stream/ReferencePipeline$4 done
Event: 61.229 Loading class java/util/function/IntBinaryOperator
Event: 61.229 Loading class java/util/function/IntBinaryOperator done
Event: 61.229 Loading class java/util/stream/ReduceOps$7
Event: 61.230 Loading class java/util/stream/ReduceOps$7 done
Event: 61.230 Loading class java/util/stream/ReduceOps$6ReducingSink
Event: 61.230 Loading class java/util/stream/ReduceOps$6ReducingSink done
Event: 61.231 Loading class java/util/stream/ReferencePipeline$4$1
Event: 61.231 Loading class java/util/stream/ReferencePipeline$4$1 done
Event: 575.952 Loading class sun/net/ConnectionResetException
Event: 575.962 Loading class sun/net/ConnectionResetException done
Event: 736.852 Loading class java/util/concurrent/locks/ReentrantReadWriteLock$Sync$HoldCounter
Event: 736.878 Loading class java/util/concurrent/locks/ReentrantReadWriteLock$Sync$HoldCounter done
Event: 1762.159 Loading class sun/security/ssl/Alert
Event: 1762.320 Loading class sun/security/ssl/Alert done
Event: 1762.356 Loading class sun/security/ssl/Alert$AlertConsumer
Event: 1762.396 Loading class sun/security/ssl/Alert$AlertConsumer done
Event: 1762.397 Loading class sun/security/ssl/Alert$Level
Event: 1762.405 Loading class sun/security/ssl/Alert$Level done

Classes unloaded (20 events):
Event: 3594.233 Thread 0x0000027a5f69aad0 Unloading class 0x0000027a6108c000 'java/lang/invoke/LambdaForm$MH+0x0000027a6108c000'
Event: 3594.233 Thread 0x0000027a5f69aad0 Unloading class 0x0000027a6101b800 'java/lang/invoke/LambdaForm$MH+0x0000027a6101b800'
Event: 3594.233 Thread 0x0000027a5f69aad0 Unloading class 0x0000027a6101b000 'java/lang/invoke/LambdaForm$MH+0x0000027a6101b000'
Event: 3594.233 Thread 0x0000027a5f69aad0 Unloading class 0x0000027a6101a800 'java/lang/invoke/LambdaForm$MH+0x0000027a6101a800'
Event: 3594.234 Thread 0x0000027a5f69aad0 Unloading class 0x0000027a6101a400 'java/lang/invoke/LambdaForm$MH+0x0000027a6101a400'
Event: 3594.234 Thread 0x0000027a5f69aad0 Unloading class 0x0000027a61019400 'java/lang/invoke/LambdaForm$MH+0x0000027a61019400'
Event: 3594.234 Thread 0x0000027a5f69aad0 Unloading class 0x0000027a61018800 'java/lang/invoke/LambdaForm$MH+0x0000027a61018800'
Event: 3594.234 Thread 0x0000027a5f69aad0 Unloading class 0x0000027a61018400 'java/lang/invoke/LambdaForm$MH+0x0000027a61018400'
Event: 3594.234 Thread 0x0000027a5f69aad0 Unloading class 0x0000027a61017c00 'java/lang/invoke/LambdaForm$MH+0x0000027a61017c00'
Event: 3594.235 Thread 0x0000027a5f69aad0 Unloading class 0x0000027a61017800 'java/lang/invoke/LambdaForm$MH+0x0000027a61017800'
Event: 3594.235 Thread 0x0000027a5f69aad0 Unloading class 0x0000027a61017400 'java/lang/invoke/LambdaForm$MH+0x0000027a61017400'
Event: 3594.235 Thread 0x0000027a5f69aad0 Unloading class 0x0000027a61016800 'java/lang/invoke/LambdaForm$MH+0x0000027a61016800'
Event: 3594.235 Thread 0x0000027a5f69aad0 Unloading class 0x0000027a61015800 'java/lang/invoke/LambdaForm$MH+0x0000027a61015800'
Event: 3594.235 Thread 0x0000027a5f69aad0 Unloading class 0x0000027a61014c00 'java/lang/invoke/LambdaForm$MH+0x0000027a61014c00'
Event: 3594.235 Thread 0x0000027a5f69aad0 Unloading class 0x0000027a61014400 'java/lang/invoke/LambdaForm$MH+0x0000027a61014400'
Event: 3594.235 Thread 0x0000027a5f69aad0 Unloading class 0x0000027a61014000 'java/lang/invoke/LambdaForm$MH+0x0000027a61014000'
Event: 3594.235 Thread 0x0000027a5f69aad0 Unloading class 0x0000027a61002400 'java/lang/invoke/LambdaForm$MH+0x0000027a61002400'
Event: 3594.235 Thread 0x0000027a5f69aad0 Unloading class 0x0000027a61002000 'java/lang/invoke/LambdaForm$MH+0x0000027a61002000'
Event: 3594.235 Thread 0x0000027a5f69aad0 Unloading class 0x0000027a61001c00 'java/lang/invoke/LambdaForm$MH+0x0000027a61001c00'
Event: 3594.236 Thread 0x0000027a5f69aad0 Unloading class 0x0000027a61001400 'java/lang/invoke/LambdaForm$MH+0x0000027a61001400'

Classes redefined (0 events):
No events

Internal exceptions (20 events):
Event: 7.847 Thread 0x0000027a42fb4a60 Exception <a 'java/lang/NoSuchMethodError'{0x0000000089822bc8}: 'java.lang.Object java.lang.invoke.DirectMethodHandle$Holder.invokeSpecial(java.lang.Object, java.lang.Object, int, java.lang.Object, int, java.lang.Object)'> (0x0000000089822bc8) 
thrown [s\src\hotspot\share\interpreter\linkResolver.cpp, line 773]
Event: 7.848 Thread 0x0000027a42fb4a60 Exception <a 'java/lang/NoSuchMethodError'{0x0000000089829c48}: 'java.lang.Object java.lang.invoke.DirectMethodHandle$Holder.newInvokeSpecial(java.lang.Object, java.lang.Object, int, java.lang.Object, int)'> (0x0000000089829c48) 
thrown [s\src\hotspot\share\interpreter\linkResolver.cpp, line 773]
Event: 7.848 Thread 0x0000027a42fb4a60 Exception <a 'java/lang/NoSuchMethodError'{0x000000008982dad0}: 'java.lang.Object java.lang.invoke.DirectMethodHandle$Holder.invokeSpecial(java.lang.Object, java.lang.Object, java.lang.Object, int, java.lang.Object, int)'> (0x000000008982dad0) 
thrown [s\src\hotspot\share\interpreter\linkResolver.cpp, line 773]
Event: 24.693 Thread 0x0000027aa60f3730 Exception <a 'java/lang/NoSuchMethodError'{0x0000000089450650}: 'java.lang.Object java.lang.invoke.DirectMethodHandle$Holder.invokeSpecial(java.lang.Object, java.lang.Object, java.lang.Object, java.lang.Object, java.lang.Object, long)'> (0x0000000089450650) 
thrown [s\src\hotspot\share\interpreter\linkResolver.cpp, line 773]
Event: 24.693 Thread 0x0000027aa60f3730 Exception <a 'java/lang/NoSuchMethodError'{0x0000000089453de8}: 'java.lang.Object java.lang.invoke.Invokers$Holder.linkToTargetMethod(java.lang.Object, java.lang.Object, java.lang.Object, long, java.lang.Object)'> (0x0000000089453de8) 
thrown [s\src\hotspot\share\interpreter\linkResolver.cpp, line 773]
Event: 26.568 Thread 0x0000027aa60f3730 Exception <a 'java/lang/NoSuchMethodError'{0x0000000086d34680}: 'void java.lang.invoke.DirectMethodHandle$Holder.invokeSpecialIFC(java.lang.Object, java.lang.Object, int, java.lang.Object, java.lang.Object, java.lang.Object, java.lang.Object)'> (0x0000000086d34680) 
thrown [s\src\hotspot\share\interpreter\linkResolver.cpp, line 773]
Event: 26.998 Thread 0x0000027aa60f3730 Exception <a 'sun/nio/fs/WindowsException'{0x000000008bfbabc0}> (0x000000008bfbabc0) 
thrown [s\src\hotspot\share\prims\jni.cpp, line 520]
Event: 27.030 Thread 0x0000027aa60f3730 Exception <a 'sun/nio/fs/WindowsException'{0x000000008bfbc590}> (0x000000008bfbc590) 
thrown [s\src\hotspot\share\prims\jni.cpp, line 520]
Event: 27.035 Thread 0x0000027aa60f3730 Exception <a 'java/lang/NoSuchMethodError'{0x000000008bfc4a10}: 'long java.lang.invoke.DirectMethodHandle$Holder.invokeStatic(java.lang.Object, java.lang.Object, int)'> (0x000000008bfc4a10) 
thrown [s\src\hotspot\share\interpreter\linkResolver.cpp, line 773]
Event: 27.036 Thread 0x0000027aa60f3730 Exception <a 'java/lang/NoSuchMethodError'{0x000000008bfcf880}: 'java.lang.Object java.lang.invoke.DelegatingMethodHandle$Holder.reinvoke_L(java.lang.Object, int, long, java.lang.Object, java.lang.Object, int, java.lang.Object)'> (0x000000008bfcf880) 
thrown [s\src\hotspot\share\interpreter\linkResolver.cpp, line 773]
Event: 27.095 Thread 0x0000027aa60f3730 Exception <a 'java/lang/NoSuchMethodError'{0x00000000897008e0}: 'int java.lang.invoke.DirectMethodHandle$Holder.invokeStatic(java.lang.Object, java.lang.Object, int, int)'> (0x00000000897008e0) 
thrown [s\src\hotspot\share\interpreter\linkResolver.cpp, line 773]
Event: 61.164 Thread 0x0000027aa890f7a0 Exception <a 'java/lang/NoSuchMethodError'{0x000000008941b6c0}: 'java.lang.Object java.lang.invoke.DirectMethodHandle$Holder.invokeStatic(java.lang.Object, int, int)'> (0x000000008941b6c0) 
thrown [s\src\hotspot\share\interpreter\linkResolver.cpp, line 773]
Event: 87.566 Thread 0x0000027aa890e3f0 Exception <a 'java/lang/IncompatibleClassChangeError'{0x00000000893b9aa0}: Found class java.lang.Object, but interface was expected> (0x00000000893b9aa0) 
thrown [s\src\hotspot\share\interpreter\linkResolver.cpp, line 840]
Event: 575.949 Thread 0x0000027aa890f110 Exception <a 'java/io/IOException'{0x0000000088421bc0}> (0x0000000088421bc0) 
thrown [s\src\hotspot\share\prims\jni.cpp, line 520]
Event: 1762.409 Thread 0x0000027aa627f440 Exception <a 'java/io/IOException'{0x000000008797ef30}> (0x000000008797ef30) 
thrown [s\src\hotspot\share\prims\jni.cpp, line 520]
Event: 1762.426 Thread 0x0000027aa627f440 Exception <a 'java/io/IOException'{0x0000000087980388}> (0x0000000087980388) 
thrown [s\src\hotspot\share\prims\jni.cpp, line 520]
Event: 1782.704 Thread 0x0000027aa627f440 Exception <a 'java/net/SocketException'{0x00000000878510c0}: Connection reset by peer: shutdown> (0x00000000878510c0) 
thrown [s\src\hotspot\share\prims\jni.cpp, line 539]
Event: 1790.403 Thread 0x0000027aa627f440 Exception <a 'java/net/SocketException'{0x0000000087725578}: Connection reset by peer: shutdown> (0x0000000087725578) 
thrown [s\src\hotspot\share\prims\jni.cpp, line 539]
Event: 3555.745 Thread 0x0000027aa6280e80 Exception <a 'java/io/IOException'{0x0000000086fc3a20}> (0x0000000086fc3a20) 
thrown [s\src\hotspot\share\prims\jni.cpp, line 520]
Event: 3555.754 Thread 0x0000027aa6280e80 Exception <a 'java/io/IOException'{0x0000000086fc4920}> (0x0000000086fc4920) 
thrown [s\src\hotspot\share\prims\jni.cpp, line 520]

ZGC Phase Switch (0 events):
No events

VM Operations (20 events):
Event: 3555.296 Executing VM operation: Cleanup
Event: 3555.296 Executing VM operation: Cleanup done
Event: 3556.303 Executing VM operation: Cleanup
Event: 3556.303 Executing VM operation: Cleanup done
Event: 3571.394 Executing VM operation: Cleanup
Event: 3571.394 Executing VM operation: Cleanup done
Event: 3593.924 Executing VM operation: G1CollectForAllocation (G1 Evacuation Pause)
Event: 3594.025 Executing VM operation: G1CollectForAllocation (G1 Evacuation Pause) done
Event: 3594.208 Executing VM operation: G1PauseRemark
Event: 3594.653 Executing VM operation: G1PauseRemark done
Event: 3594.873 Executing VM operation: G1PauseCleanup
Event: 3594.878 Executing VM operation: G1PauseCleanup done
Event: 3703.684 Executing VM operation: Cleanup
Event: 3703.684 Executing VM operation: Cleanup done
Event: 4170.993 Executing VM operation: Cleanup
Event: 4171.002 Executing VM operation: Cleanup done
Event: 4174.155 Executing VM operation: Cleanup
Event: 4174.163 Executing VM operation: Cleanup done
Event: 4187.267 Executing VM operation: Cleanup
Event: 4187.267 Executing VM operation: Cleanup done

Memory protections (0 events):
No events

Nmethod flushes (20 events):
Event: 3594.616 Thread 0x0000027a5f69aad0 flushing  nmethod 0x0000027a4b8f9310
Event: 3594.616 Thread 0x0000027a5f69aad0 flushing  nmethod 0x0000027a4b8fa110
Event: 3594.616 Thread 0x0000027a5f69aad0 flushing  nmethod 0x0000027a4b920910
Event: 3594.617 Thread 0x0000027a5f69aad0 flushing  nmethod 0x0000027a4b959610
Event: 3594.617 Thread 0x0000027a5f69aad0 flushing  nmethod 0x0000027a4baa3410
Event: 3594.617 Thread 0x0000027a5f69aad0 flushing  nmethod 0x0000027a4bb41390
Event: 3594.617 Thread 0x0000027a5f69aad0 flushing  nmethod 0x0000027a4bb95c90
Event: 3594.617 Thread 0x0000027a5f69aad0 flushing  nmethod 0x0000027a4bbc1b90
Event: 3594.617 Thread 0x0000027a5f69aad0 flushing  nmethod 0x0000027a4bc21910
Event: 3594.617 Thread 0x0000027a5f69aad0 flushing  nmethod 0x0000027a4bc5b390
Event: 3594.617 Thread 0x0000027a5f69aad0 flushing  nmethod 0x0000027a4bc61a90
Event: 3594.617 Thread 0x0000027a5f69aad0 flushing  nmethod 0x0000027a4bced510
Event: 3594.617 Thread 0x0000027a5f69aad0 flushing  nmethod 0x0000027a4bcef710
Event: 3594.617 Thread 0x0000027a5f69aad0 flushing  nmethod 0x0000027a4be38f90
Event: 3594.617 Thread 0x0000027a5f69aad0 flushing  nmethod 0x0000027a4be3f190
Event: 3594.617 Thread 0x0000027a5f69aad0 flushing  nmethod 0x0000027a4be52b10
Event: 3594.617 Thread 0x0000027a5f69aad0 flushing  nmethod 0x0000027a4be53b10
Event: 3594.617 Thread 0x0000027a5f69aad0 flushing  nmethod 0x0000027a4be54b10
Event: 3594.617 Thread 0x0000027a5f69aad0 flushing  nmethod 0x0000027a4bee5310
Event: 3594.617 Thread 0x0000027a5f69aad0 flushing  nmethod 0x0000027a4c0b0b90

Events (20 events):
Event: 3540.983 Thread 0x0000027aa8730020 Thread added: 0x0000027aa627f440
Event: 3540.984 Thread 0x0000027aa8730020 Thread added: 0x0000027aa6282f50
Event: 3546.439 Thread 0x0000027aa627f440 Thread exited: 0x0000027aa627f440
Event: 3546.475 Thread 0x0000027aa6282f50 Thread exited: 0x0000027aa6282f50
Event: 3547.231 Thread 0x0000027aa8730020 Thread added: 0x0000027aa6280160
Event: 3547.232 Thread 0x0000027aa8730020 Thread added: 0x0000027aa6280e80
Event: 3552.240 Thread 0x0000027aa6280160 Thread exited: 0x0000027aa6280160
Event: 3552.279 Thread 0x0000027aa6280e80 Thread exited: 0x0000027aa6280e80
Event: 3553.698 Thread 0x0000027aa8730020 Thread added: 0x0000027aa6280e80
Event: 3553.698 Thread 0x0000027aa8730020 Thread added: 0x0000027aa6280160
Event: 3560.769 Thread 0x0000027aa6280e80 Thread exited: 0x0000027aa6280e80
Event: 3560.781 Thread 0x0000027aa6280160 Thread exited: 0x0000027aa6280160
Event: 3569.154 Thread 0x0000027aa8730020 Thread added: 0x0000027aa627f440
Event: 3569.154 Thread 0x0000027aa8730020 Thread added: 0x0000027aa6282f50
Event: 3575.985 Thread 0x0000027aa627f440 Thread exited: 0x0000027aa627f440
Event: 3576.048 Thread 0x0000027aa6282f50 Thread exited: 0x0000027aa6282f50
Event: 3593.898 Thread 0x0000027aa8730020 Thread added: 0x0000027aa627f440
Event: 3593.898 Thread 0x0000027aa8730020 Thread added: 0x0000027aa6280e80
Event: 3598.919 Thread 0x0000027aa627f440 Thread exited: 0x0000027aa627f440
Event: 3599.089 Thread 0x0000027aa6280e80 Thread exited: 0x0000027aa6280e80


Dynamic libraries:
0x00007ff7c8ce0000 - 0x00007ff7c8cee000 	C:\Users\singh\.jdks\temurin-21.0.9\bin\java.exe
0x00007ff911300000 - 0x00007ff911567000 	C:\WINDOWS\SYSTEM32\ntdll.dll
0x00007ff9101d0000 - 0x00007ff910299000 	C:\WINDOWS\System32\KERNEL32.DLL
0x00007ff90e7b0000 - 0x00007ff90eb9f000 	C:\WINDOWS\System32\KERNELBASE.dll
0x00007ff90e450000 - 0x00007ff90e59b000 	C:\WINDOWS\System32\ucrtbase.dll
0x00007ff909100000 - 0x00007ff909118000 	C:\Users\singh\.jdks\temurin-21.0.9\bin\jli.dll
0x00007ff907130000 - 0x00007ff90714e000 	C:\Users\singh\.jdks\temurin-21.0.9\bin\VCRUNTIME140.dll
0x00007ff910440000 - 0x00007ff910605000 	C:\WINDOWS\System32\USER32.dll
0x00007ff90e780000 - 0x00007ff90e7a7000 	C:\WINDOWS\System32\win32u.dll
0x00007ff90f570000 - 0x00007ff90f59b000 	C:\WINDOWS\System32\GDI32.dll
0x00007ff90e5a0000 - 0x00007ff90e6cc000 	C:\WINDOWS\System32\gdi32full.dll
0x00007ff90ebb0000 - 0x00007ff90ec53000 	C:\WINDOWS\System32\msvcp_win.dll
0x00007ff8f10c0000 - 0x00007ff8f1353000 	C:\WINDOWS\WinSxS\amd64_microsoft.windows.common-controls_6595b64144ccf1df_6.0.26100.7309_none_3e05feeae336a044\COMCTL32.dll
0x00007ff910030000 - 0x00007ff9100d9000 	C:\WINDOWS\System32\msvcrt.dll
0x00007ff911230000 - 0x00007ff911261000 	C:\WINDOWS\System32\IMM32.DLL
0x00007ff8fe970000 - 0x00007ff8fe97c000 	C:\Users\singh\.jdks\temurin-21.0.9\bin\vcruntime140_1.dll
0x00007ff8e76a0000 - 0x00007ff8e772d000 	C:\Users\singh\.jdks\temurin-21.0.9\bin\msvcp140.dll
0x00007ff884000000 - 0x00007ff884da0000 	C:\Users\singh\.jdks\temurin-21.0.9\bin\server\jvm.dll
0x00007ff910e20000 - 0x00007ff910ed4000 	C:\WINDOWS\System32\ADVAPI32.dll
0x00007ff90fac0000 - 0x00007ff90fb66000 	C:\WINDOWS\System32\sechost.dll
0x00007ff90f2e0000 - 0x00007ff90f3f8000 	C:\WINDOWS\System32\RPCRT4.dll
0x00007ff910d70000 - 0x00007ff910de4000 	C:\WINDOWS\System32\WS2_32.dll
0x00007ff90e2b0000 - 0x00007ff90e30e000 	C:\WINDOWS\SYSTEM32\POWRPROF.dll
0x00007ff9049f0000 - 0x00007ff904a25000 	C:\WINDOWS\SYSTEM32\WINMM.dll
0x00007ff903e10000 - 0x00007ff903e1b000 	C:\WINDOWS\SYSTEM32\VERSION.dll
0x00007ff90e290000 - 0x00007ff90e2a4000 	C:\WINDOWS\SYSTEM32\UMPDC.dll
0x00007ff90d1d0000 - 0x00007ff90d1eb000 	C:\WINDOWS\SYSTEM32\kernel.appcore.dll
0x00007ff8fe960000 - 0x00007ff8fe96a000 	C:\Users\singh\.jdks\temurin-21.0.9\bin\jimage.dll
0x00007ff90ba80000 - 0x00007ff90bcc2000 	C:\WINDOWS\SYSTEM32\DBGHELP.DLL
0x00007ff90fb90000 - 0x00007ff90ff15000 	C:\WINDOWS\System32\combase.dll
0x00007ff9100e0000 - 0x00007ff9101b6000 	C:\WINDOWS\System32\OLEAUT32.dll
0x00007ff8edf20000 - 0x00007ff8edf5c000 	C:\WINDOWS\SYSTEM32\dbgcore.DLL
0x00007ff90e6d0000 - 0x00007ff90e775000 	C:\WINDOWS\System32\bcryptPrimitives.dll
0x00007ff8fe950000 - 0x00007ff8fe95f000 	C:\Users\singh\.jdks\temurin-21.0.9\bin\instrument.dll
0x00007ff8fe930000 - 0x00007ff8fe950000 	C:\Users\singh\.jdks\temurin-21.0.9\bin\java.dll
0x00007ff910610000 - 0x00007ff910d63000 	C:\WINDOWS\System32\SHELL32.dll
0x00007ff90ef30000 - 0x00007ff90f09a000 	C:\WINDOWS\System32\wintypes.dll
0x00007ff90c010000 - 0x00007ff90c86e000 	C:\WINDOWS\SYSTEM32\windows.storage.dll
0x00007ff90f1e0000 - 0x00007ff90f2d5000 	C:\WINDOWS\System32\SHCORE.dll
0x00007ff910ee0000 - 0x00007ff910f46000 	C:\WINDOWS\System32\shlwapi.dll
0x00007ff90e370000 - 0x00007ff90e399000 	C:\WINDOWS\SYSTEM32\profapi.dll
0x00007ff8dda30000 - 0x00007ff8ddb07000 	C:\Users\singh\.jdks\temurin-21.0.9\bin\jsvml.dll
0x00007ff8fa310000 - 0x00007ff8fa328000 	C:\Users\singh\.jdks\temurin-21.0.9\bin\zip.dll
0x00007ff8fe920000 - 0x00007ff8fe930000 	C:\Users\singh\.jdks\temurin-21.0.9\bin\net.dll
0x00007ff907270000 - 0x00007ff907398000 	C:\WINDOWS\SYSTEM32\WINHTTP.dll
0x00007ff90d750000 - 0x00007ff90d7bb000 	C:\WINDOWS\system32\mswsock.dll
0x00007ff8f7fa0000 - 0x00007ff8f7fb6000 	C:\Users\singh\.jdks\temurin-21.0.9\bin\nio.dll
0x00007ff8fe8b0000 - 0x00007ff8fe8b9000 	C:\Users\singh\.jdks\temurin-21.0.9\bin\extnet.dll
0x00007ff8fbcc0000 - 0x00007ff8fbcce000 	C:\Users\singh\.jdks\temurin-21.0.9\bin\sunmscapi.dll
0x00007ff90edb0000 - 0x00007ff90ef27000 	C:\WINDOWS\System32\CRYPT32.dll
0x00007ff90dc50000 - 0x00007ff90dc80000 	C:\WINDOWS\SYSTEM32\ncrypt.dll
0x00007ff90dc00000 - 0x00007ff90dc3f000 	C:\WINDOWS\SYSTEM32\NTASN1.dll
0x00007ff90da30000 - 0x00007ff90da4b000 	C:\WINDOWS\SYSTEM32\CRYPTSP.dll
0x00007ff90d130000 - 0x00007ff90d16a000 	C:\WINDOWS\system32\rsaenh.dll
0x00007ff90d800000 - 0x00007ff90d82b000 	C:\WINDOWS\SYSTEM32\USERENV.dll
0x00007ff90e340000 - 0x00007ff90e36a000 	C:\WINDOWS\SYSTEM32\bcrypt.dll
0x00007ff90da50000 - 0x00007ff90da5c000 	C:\WINDOWS\SYSTEM32\CRYPTBASE.dll
0x00007ff90cc10000 - 0x00007ff90cc44000 	C:\WINDOWS\SYSTEM32\IPHLPAPI.DLL
0x00007ff90ff20000 - 0x00007ff90ff2a000 	C:\WINDOWS\System32\NSI.dll
0x00007ff8f8080000 - 0x00007ff8f808a000 	C:\Users\singh\.jdks\temurin-21.0.9\bin\management.dll
0x00007ff8f8050000 - 0x00007ff8f805c000 	C:\Users\singh\.jdks\temurin-21.0.9\bin\management_ext.dll
0x00007ff90ff90000 - 0x00007ff90ff98000 	C:\WINDOWS\System32\PSAPI.DLL
0x00007ff8f7c00000 - 0x00007ff8f7c10000 	C:\Users\singh\.jdks\temurin-21.0.9\bin\verify.dll
0x00007ff90ccb0000 - 0x00007ff90cddc000 	C:\WINDOWS\SYSTEM32\DNSAPI.dll
0x00007ff9049e0000 - 0x00007ff9049eb000 	C:\Windows\System32\rasadhlp.dll
0x00007ff908220000 - 0x00007ff9082a6000 	C:\WINDOWS\System32\fwpuclnt.dll
0x00007ff8e4520000 - 0x00007ff8e4528000 	C:\WINDOWS\system32\wshunix.dll

JVMTI agents:
C:\Program Files\JetBrains\IntelliJ IDEA Community Edition 2025.2.3\lib\idea_rt.jar path:C:\Users\singh\.jdks\temurin-21.0.9\bin\instrument.dll, loaded, initialized, instrumentlib options:64587

dbghelp: loaded successfully - version: 4.0.5 - missing functions: none
symbol engine: initialized successfully - sym options: 0x614 - pdb path: .;C:\Users\singh\.jdks\temurin-21.0.9\bin;C:\WINDOWS\SYSTEM32;C:\WINDOWS\WinSxS\amd64_microsoft.windows.common-controls_6595b64144ccf1df_6.0.26100.7309_none_3e05feeae336a044;C:\Users\singh\.jdks\temurin-21.0.9\bin\server

VM Arguments:
jvm_args: -javaagent:C:\Program Files\JetBrains\IntelliJ IDEA Community Edition 2025.2.3\lib\idea_rt.jar=64587 -Dfile.encoding=UTF-8 -Dsun.stdout.encoding=UTF-8 -Dsun.stderr.encoding=UTF-8 
java_command: com.example.E_commerce.ECommerceApplication
java_class_path (initial): C:\Users\singh\Desktop\e-commerce\E-commerce\target\classes;C:\Users\singh\.m2\repository\org\springframework\boot\spring-boot-starter-web\3.2.5\spring-boot-starter-web-3.2.5.jar;C:\Users\singh\.m2\repository\org\springframework\boot\spring-boot-starter\3.2.5\spring-boot-starter-3.2.5.jar;C:\Users\singh\.m2\repository\org\springframework\boot\spring-boot\3.2.5\spring-boot-3.2.5.jar;C:\Users\singh\.m2\repository\org\springframework\boot\spring-boot-autoconfigure\3.2.5\spring-boot-autoconfigure-3.2.5.jar;C:\Users\singh\.m2\repository\org\springframework\boot\spring-boot-starter-logging\3.2.5\spring-boot-starter-logging-3.2.5.jar;C:\Users\singh\.m2\repository\ch\qos\logback\logback-classic\1.4.14\logback-classic-1.4.14.jar;C:\Users\singh\.m2\repository\ch\qos\logback\logback-core\1.4.14\logback-core-1.4.14.jar;C:\Users\singh\.m2\repository\org\apache\logging\log4j\log4j-to-slf4j\2.21.1\log4j-to-slf4j-2.21.1.jar;C:\Users\singh\.m2\repository\org\apache\logging\log4j\log4j-api\2.21.1\log4j-api-2.21.1.jar;C:\Users\singh\.m2\repository\org\slf4j\jul-to-slf4j\2.0.13\jul-to-slf4j-2.0.13.jar;C:\Users\singh\.m2\repository\jakarta\annotation\jakarta.annotation-api\2.1.1\jakarta.annotation-api-2.1.1.jar;C:\Users\singh\.m2\repository\org\yaml\snakeyaml\2.2\snakeyaml-2.2.jar;C:\Users\singh\.m2\repository\org\springframework\boot\spring-boot-starter-json\3.2.5\spring-boot-starter-json-3.2.5.jar;C:\Users\singh\.m2\repository\com\fasterxml\jackson\datatype\jackson-datatype-jdk8\2.15.4\jackson-datatype-jdk8-2.15.4.jar;C:\Users\singh\.m2\repository\com\fasterxml\jackson\datatype\jackson-datatype-jsr310\2.15.4\jackson-datatype-jsr310-2.15.4.jar;C:\Users\singh\.m2\repository\com\fasterxml\jackson\module\jackson-module-parameter-names\2.15.4\jackson-module-parameter-names-2.15.4.jar;C:\Users\singh\.m2\repository\org\springframework\boot\spring-boot-starter-tomcat\3.2.5\spring-boot-starter-tomcat-3.2.5.jar;C:\Users\singh\.m2\repository\org\apache\tomcat\embed\tomcat-embed-core\10.1.20\tomcat-embed-core-10.1.20.jar;C:\Users\singh\.m2\repository\org\apache\tomcat\embed\tomcat-embed-websocket\10.1.20\tomcat-embed-websocket-10.1.20.jar;C:\Users\singh\.m2\repository\org\springframework\spring-web\6.1.6\spring-web-6.1.6.jar;C:\Users\singh\.m2\repository\org\springframework\spring-beans\6.1.6\spring-beans-6.1.6.jar;C:\Users\singh\.m2\repository\io\micrometer\micrometer-observation\1.12.5\micrometer-observation-1.12.5.jar;C:\Users\singh\.m2\repository\io\micrometer\micrometer-commons\1.12.5\micrometer-commons-1.12.5.jar;C:\Users\singh\.m2\repository\org\springframework\spring-webmvc\6.1.6\spring-webmvc-6.1.6.jar;C:\Users\singh\.m2\repository\org\springframework\spring-context\6.1.6\spring-context-6.1.6.jar;C:\Users\singh\.m2\repository\org\springframework\spring-expression\6.1.6\spring-expression-6.1.6.jar;C:\Users\singh\.m2\repository\org\springframework\boot\spring-boot-starter-security\3.2.5\spring-boot-starter-security-3.2.5.jar;C:\Users\singh\.m2\repository\org\springframework\spring-aop\6.1.6\spring-aop-6.1.6.jar;C:\Users\singh\.m2\repository\org\springframework\security\spring-security-config\6.2.4\spring-security-config-6.2.4.jar;C:\Users\singh\.m2\repository\org\springframework\security\spring-security-web\6.2.4\spring-security-web-6.2.4.jar;C:\Users\singh\.m2\repository\org\springframework\boot\spring-boot-starter-data-jpa\3.2.5\spring-boot-starter-data-jpa-3.2.5.jar;C:\Users\singh\.m2\repository\org\springframework\boot\spring-boot-starter-aop\3.2.5\spring-boot-starter-aop-3.2.5.jar;C:\Users\singh\.m2\repository\org\aspectj\aspectjweaver\1.9.22\aspectjweaver-1.9.22.jar;C:\Users\singh\.m2\repository\org\springframework\boot\spring-boot-starter-jdbc\3.2.5\spring-boot-starter-jdbc-3.2.5.jar;C:\Users\singh\.m2\repository\com\zaxxer\HikariCP\5.0.1\HikariCP-5.0.1.jar;C:\Users\singh\.m2\repository\org\springframework\spring-jdbc\6.1.6\spring-jdbc-6.1.6.jar;C:\Users\singh\.m2\repository\org\hibernate\orm\hibernate-core\6.4.4.Final\hibernate-core-6.4.4.Final.jar;C:\Users\singh\.m2\repository\jakarta\persistence\jakarta.persistence-api\3.1.0\jakarta.persistence-api-3.1.0.jar;C:\Users\singh\.m2\repository\jakarta\transaction\jakarta.transaction-api\2.0.1\jakarta.transaction-api-2.0.1.jar;C:\Users\singh\.m2\repository\org\jboss\logging\jboss-logging\3.5.3.Final\jboss-logging-3.5.3.Final.jar;C:\Users\singh\.m2\repository\org\hibernate\common\hibernate-commons-annotations\6.0.6.Final\hibernate-commons-annotations-6.0.6.Final.jar;C:\Users\singh\.m2\repository\io\smallrye\jandex\3.1.2\jandex-3.1.2.jar;C:\Users\singh\.m2\repository\com\fasterxml\classmate\1.6.0\classmate-1.6.0.jar;C:\Users\singh\.m2\repository\net\bytebuddy\byte-buddy\1.14.13\byte-buddy-1.14.13.jar;C:\Users\singh\.m2\repository\org\glassfish\jaxb\jaxb-runtime\4.0.5\jaxb-runtime-4.0.5.jar;C:\Users\singh\.m2\repository\org\glassfish\jaxb\jaxb-core\4.0.5\jaxb-core-4.0.5.jar;C:\Users\singh\.m2\repository\org\glassfish\jaxb\txw2\4.0.5\txw2-4.0.5.jar;C:\Users\singh\.m2\repository\com\sun\istack\istack-commons-runtime\4.1.2\istack-commons-runtime-4.1.2.jar;C:\Users\singh\.m2\repository\jakarta\inject\jakarta.inject-api\2.0.1\jakarta.inject-api-2.0.1.jar;C:\Users\singh\.m2\repository\org\antlr\antlr4-runtime\4.13.0\antlr4-runtime-4.13.0.jar;C:\Users\singh\.m2\repository\org\springframework\data\spring-data-jpa\3.2.5\spring-data-jpa-3.2.5.jar;C:\Users\singh\.m2\repository\org\springframework\data\spring-data-commons\3.2.5\spring-data-commons-3.2.5.jar;C:\Users\singh\.m2\repository\org\springframework\spring-orm\6.1.6\spring-orm-6.1.6.jar;C:\Users\singh\.m2\repository\org\springframework\spring-tx\6.1.6\spring-tx-6.1.6.jar;C:\Users\singh\.m2\repository\org\slf4j\slf4j-api\2.0.13\slf4j-api-2.0.13.jar;C:\Users\singh\.m2\repository\org\springframework\spring-aspects\6.1.6\spring-aspects-6.1.6.jar;C:\Users\singh\.m2\repository\org\springframework\boot\spring-boot-starter-validation\3.2.5\spring-boot-starter-validation-3.2.5.jar;C:\Users\singh\.m2\repository\org\apache\tomcat\embed\tomcat-embed-el\10.1.20\tomcat-embed-el-10.1.20.jar;C:\Users\singh\.m2\repository\org\hibernate\validator\hibernate-validator\8.0.1.Final\hibernate-validator-8.0.1.Final.jar;C:\Users\singh\.m2\repository\jakarta\validation\jakarta.validation-api\3.0.2\jakarta.validation-api-3.0.2.jar;C:\Users\singh\.m2\repository\org\springframework\boot\spring-boot-starter-mail\3.2.5\spring-boot-starter-mail-3.2.5.jar;C:\Users\singh\.m2\repository\org\springframework\spring-context-support\6.1.6\spring-context-support-6.1.6.jar;C:\Users\singh\.m2\repository\org\eclipse\angus\jakarta.mail\2.0.3\jakarta.mail-2.0.3.jar;C:\Users\singh\.m2\repository\jakarta\activation\jakarta.activation-api\2.1.3\jakarta.activation-api-2.1.3.jar;C:\Users\singh\.m2\repository\org\eclipse\angus\angus-activation\2.0.2\angus-activation-2.0.2.jar;C:\Users\singh\.m2\repository\com\mysql\mysql-connector-j\8.3.0\mysql-connector-j-8.3.0.jar;C:\Users\singh\.m2\repository\org\projectlombok\lombok\1.18.32\lombok-1.18.32.jar;C:\Users\singh\.m2\repository\io\jsonwebtoken\jjwt-api\0.11.5\jjwt-api-0.11.5.jar;C:\Users\singh\.m2\repository\io\jsonwebtoken\jjwt-impl\0.11.5\jjwt-impl-0.11.5.jar;C:\Users\singh\.m2\repository\io\jsonwebtoken\jjwt-jackson\0.11.5\jjwt-jackson-0.11.5.jar;C:\Users\singh\.m2\repository\com\fasterxml\jackson\core\jackson-databind\2.15.4\jackson-databind-2.15.4.jar;C:\Users\singh\.m2\repository\com\fasterxml\jackson\core\jackson-annotations\2.15.4\jackson-annotations-2.15.4.jar;C:\Users\singh\.m2\repository\com\fasterxml\jackson\core\jackson-core\2.15.4\jackson-core-2.15.4.jar;C:\Users\singh\.m2\repository\jakarta\xml\bind\jakarta.xml.bind-api\4.0.2\jakarta.xml.bind-api-4.0.2.jar;C:\Users\singh\.m2\repository\org\springframework\spring-core\6.1.6\spring-core-6.1.6.jar;C:\Users\singh\.m2\repository\org\springframework\spring-jcl\6.1.6\spring-jcl-6.1.6.jar;C:\Users\singh\.m2\repository\org\springframework\security\spring-security-core\6.2.4\spring-security-core-6.2.4.jar;C:\Users\singh\.m2\repository\org\springframework\security\spring-security-crypto\6.2.4\spring-security-crypto-6.2.4.jar
Launcher Type: SUN_STANDARD

[Global flags]
     intx CICompilerCount                          = 4                                         {product} {ergonomic}
     uint ConcGCThreads                            = 3                                         {product} {ergonomic}
     uint G1ConcRefinementThreads                  = 10                                        {product} {ergonomic}
   size_t G1HeapRegionSize                         = 1048576                                   {product} {ergonomic}
    uintx GCDrainStackTargetSize                   = 64                                        {product} {ergonomic}
   size_t InitialHeapSize                          = 130023424                                 {product} {ergonomic}
   size_t MarkStackSize                            = 4194304                                   {product} {ergonomic}
   size_t MaxHeapSize                              = 2076180480                                {product} {ergonomic}
   size_t MaxNewSize                               = 1245708288                                {product} {ergonomic}
   size_t MinHeapDeltaBytes                        = 1048576                                   {product} {ergonomic}
   size_t MinHeapSize                              = 8388608                                   {product} {ergonomic}
    uintx NonNMethodCodeHeapSize                   = 5839372                                {pd product} {ergonomic}
    uintx NonProfiledCodeHeapSize                  = 122909434                              {pd product} {ergonomic}
    uintx ProfiledCodeHeapSize                     = 122909434                              {pd product} {ergonomic}
    uintx ReservedCodeCacheSize                    = 251658240                              {pd product} {ergonomic}
     bool SegmentedCodeCache                       = true                                      {product} {ergonomic}
   size_t SoftMaxHeapSize                          = 2076180480                             {manageable} {ergonomic}
     bool UseCompressedOops                        = true                           {product lp64_product} {ergonomic}
     bool UseG1GC                                  = true                                      {product} {ergonomic}
     bool UseLargePagesIndividualAllocation        = false                                  {pd product} {ergonomic}

Logging:
Log output configuration:
 #0: stdout all=warning uptime,level,tags foldmultilines=false
 #1: stderr all=off uptime,level,tags foldmultilines=false

Release file:
IMPLEMENTOR="Eclipse Adoptium" 
IMPLEMENTOR_VERSION="Temurin-21.0.9+10" 
JAVA_RUNTIME_VERSION="21.0.9+10-LTS" 
JAVA_VERSION="21.0.9" 
JAVA_VERSION_DATE="2025-10-21" 
LIBC="default" 
MODULES="java.base java.compiler java.datatransfer java.xml java.prefs java.desktop java.instrument java.logging java.management java.security.sasl java.naming java.rmi java.management.rmi java.net.http java.scripting java.security.jgss java.transaction.xa java.sql java.sql.rowset java.xml.crypto java.se java.smartcardio jdk.accessibility jdk.internal.jvmstat jdk.attach jdk.charsets jdk.internal.opt jdk.zipfs jdk.compiler jdk.crypto.ec jdk.crypto.cryptoki jdk.crypto.mscapi jdk.dynalink jdk.internal.ed jdk.editpad jdk.hotspot.agent jdk.httpserver jdk.incubator.vector jdk.internal.le jdk.internal.vm.ci jdk.internal.vm.compiler jdk.internal.vm.compiler.management jdk.jartool jdk.javadoc jdk.jcmd jdk.management jdk.management.agent jdk.jconsole jdk.jdeps jdk.jdwp.agent jdk.jdi jdk.jfr jdk.jlink jdk.jpackage jdk.jshell jdk.jsobject jdk.jstatd jdk.localedata jdk.management.jfr jdk.naming.dns jdk.naming.rmi jdk.net jdk.nio.mapmode jdk.random jdk.sctp jdk.security.auth jdk.security.jgss jdk.unsupported jdk.unsupported.desktop jdk.xml.dom" 
OS_ARCH="x86_64" 
OS_NAME="Windows" 
SOURCE=".:git:759062135b07" 
BUILD_SOURCE="git:839fa0b45d809157cffd3dc8515aad262a4a1776"
BUILD_SOURCE_REPO="https://github.com/adoptium/temurin-build.git"
SOURCE_REPO="https://github.com/adoptium/jdk21u.git"
FULL_VERSION="21.0.9+10-LTS"
SEMANTIC_VERSION="21.0.9+10"
BUILD_INFO="OS: Windows Server 2022 Version: 10.0"
JVM_VARIANT="Hotspot"
JVM_VERSION="21.0.9+10-LTS"
IMAGE_TYPE="JDK"

Environment Variables:
PATH=C:\Program Files\Common Files\Oracle\Java\javapath;C:\Python312\Scripts\;C:\Python312\;C:\WINDOWS\system32;C:\WINDOWS;C:\WINDOWS\System32\Wbem;C:\WINDOWS\System32\WindowsPowerShell\v1.0\;C:\WINDOWS\System32\OpenSSH\;C:\ProgramData\chocolatey\bin;C:\Program Files\Git\cmd;C:\Program Files\nodejs\;C:\Users\singh\AppData\Local\Programs\Eclipse Adoptium\jdk-21.0.9.10-hotspot\bin;C:\Program Files\MySQL\MySQL Shell 8.0\bin\;C:\Users\singh\AppData\Local\Microsoft\WindowsApps;C:\Users\singh\AppData\Local\Programs\Microsoft VS Code\bin;C:\Users\singh\AppData\Roaming\npm;C:\Users\singh\AppData\Local\Android\Sdk;C:\Users\singh\AppData\Local\Android\Sdk\emulator;C:\Users\singh\AppData\Local\Android\Sdk\platform-tools;C:\Users\singh\AppData\Local\Android\Sdk\cmdline-tools\latest\bin;C:\Program Files (x86)\MongoDB Atlas CLI\;C:\Program Files\JetBrains\IntelliJ IDEA Community Edition 2025.2.3\bin
USERNAME=singh
OS=Windows_NT
PROCESSOR_IDENTIFIER=Intel64 Family 6 Model 154 Stepping 4, GenuineIntel
TMP=C:\Users\singh\AppData\Local\Temp
TEMP=C:\Users\singh\AppData\Local\Temp




Periodic native trim disabled

---------------  S Y S T E M  ---------------

OS:
 Windows 11 , 64 bit Build 26100 (10.0.26100.7309)
OS uptime: 0 days 10:47 hours
Hyper-V role detected

CPU: total 12 (initial active 12) (6 cores per cpu, 2 threads per core) family 6 model 154 stepping 4 microcode 0x41f, cx8, cmov, fxsr, ht, mmx, 3dnowpref, sse, sse2, sse3, ssse3, sse4.1, sse4.2, popcnt, lzcnt, tsc, tscinvbit, avx, avx2, aes, erms, clmul, bmi1, bmi2, adx, sha, fma, vzeroupper, clflush, clflushopt, clwb, hv, serialize, rdtscp, rdpid, fsrm, f16c, cet_ibt, cet_ss
Processor Information for processor 0
  Max Mhz: 1300, Current Mhz: 1300, Mhz Limit: 1300
Processor Information for processor 1
  Max Mhz: 1300, Current Mhz: 1300, Mhz Limit: 1300
Processor Information for processor 2
  Max Mhz: 1300, Current Mhz: 1300, Mhz Limit: 1300
Processor Information for processor 3
  Max Mhz: 1300, Current Mhz: 1300, Mhz Limit: 1300
Processor Information for processor 4
  Max Mhz: 900, Current Mhz: 900, Mhz Limit: 900
Processor Information for processor 5
  Max Mhz: 900, Current Mhz: 900, Mhz Limit: 900
Processor Information for processor 6
  Max Mhz: 900, Current Mhz: 900, Mhz Limit: 900
Processor Information for processor 7
  Max Mhz: 900, Current Mhz: 900, Mhz Limit: 900
Processor Information for processor 8
  Max Mhz: 900, Current Mhz: 900, Mhz Limit: 900
Processor Information for processor 9
  Max Mhz: 900, Current Mhz: 900, Mhz Limit: 900
Processor Information for processor 10
  Max Mhz: 900, Current Mhz: 900, Mhz Limit: 900
Processor Information for processor 11
  Max Mhz: 900, Current Mhz: 900, Mhz Limit: 900

Memory: 4k page, system-wide physical 7916M (503M free)
TotalPageFile size 32492M (AvailPageFile size 58M)
current process WorkingSet (physical memory assigned to process): 32M, peak: 283M
current process commit charge ("private bytes"): 323M, peak: 337M

vm_info: OpenJDK 64-Bit Server VM (21.0.9+10-LTS) for windows-amd64 JRE (21.0.9+10-LTS), built on 2025-10-21T00:00:00Z by "admin" with unknown MS VC++:1942

END.
